Distribution of canonicalised queries: 

SELECT  ?v4 ?v2
WHERE
  { { SELECT  ?v0
      WHERE
        { GRAPH ?v0
            {  }
          FILTER regex(str(?v0), "^timestamp:")
        }
      ORDER BY DESC(<http://www.w3.org/2001/XMLSchema#integer>(replace(str(?v0), "^timestamp:", "")))
      OFFSET  0
      LIMIT   1
    }
    GRAPH ?v0
      { SELECT  ?v4 ?v2 ?v1
        WHERE
          { ?v2  a                     <https://glaciation-project.eu/MetadataReferenceModel/1.0.0/#WorkProducingResource> ;
                 <https://glaciation-project.eu/MetadataReferenceModel/1.0.0/#hasDescription>  "Container" ;
                 <https://glaciation-project.eu/MetadataReferenceModel/1.0.0/#hasStatus>  ?v3 .
            ?v3  <https://glaciation-project.eu/MetadataReferenceModel/1.0.0/#hasDescription>  ?v4
            FILTER ( ( ( ( NOT EXISTS { ?v3  <https://glaciation-project.eu/MetadataReferenceModel/1.0.0/#hasDescription>  "NotReady" } && NOT EXISTS { ?v3  <https://glaciation-project.eu/MetadataReferenceModel/1.0.0/#hasDescription>  "NotReady" } ) && NOT EXISTS { ?v3  <https://glaciation-project.eu/MetadataReferenceModel/1.0.0/#hasDescription>  "NotReady" } ) && NOT EXISTS { ?v3  <https://glaciation-project.eu/MetadataReferenceModel/1.0.0/#hasDescription>  "NotReady" } ) && NOT EXISTS { ?v3  <https://glaciation-project.eu/MetadataReferenceModel/1.0.0/#hasDescription>  "NotReady" } )
          }
      }
  }
 : 1

Total number of duplicates detected: 0
Most duplicates found: 1